<?xml version="1.0" encoding="UTF-8"?>
<!-- Generated by org.testng.reporters.JUnitReportReporter -->
<testsuite hostname="LAPTOP-UG5S8S2B" failures="0" tests="2" name="Academy.HomePage" time="23.816" errors="0" timestamp="2021-03-31T23:56:23 IST" skipped="0">
  <testcase classname="Academy.HomePage" name="basePagnavigation" time="17.151"/>
  <system-out/>
  <testcase classname="Academy.HomePage" name="basePagnavigation" time="6.665"/>
  <system-out/>
</testsuite> <!-- Academy.HomePage -->
