<?xml version="1.0" encoding="UTF-8"?>
<!-- Generated by org.testng.reporters.JUnitReportReporter -->
<testsuite hostname="LAPTOP-UG5S8S2B" failures="0" tests="2" name="Academy.HomePage" time="29.789" errors="0" timestamp="2021-03-09T10:00:37 IST" skipped="0">
  <testcase classname="Academy.HomePage" name="basePagnavigation" time="24.157"/>
  <system-out/>
  <testcase classname="Academy.HomePage" name="basePagnavigation" time="5.632"/>
  <system-out/>
</testsuite> <!-- Academy.HomePage -->
