<?xml version="1.0" encoding="UTF-8"?>
<!-- Generated by org.testng.reporters.JUnitReportReporter -->
<testsuite hostname="LAPTOP-UG5S8S2B" failures="0" tests="2" name="Academy.validatTitle" time="0.540" errors="0" timestamp="2021-03-09T10:00:37 IST" skipped="0">
  <testcase classname="Academy.validatTitle" name="assertTitle" time="0.350"/>
  <system-out/>
  <testcase classname="Academy.validatTitle" name="assertInfo" time="0.190"/>
  <system-out/>
</testsuite> <!-- Academy.validatTitle -->
